SF:lib\data\datasources\movie_remote_data_source.dart
DA:16,1
DA:18,1
DA:21,4
DA:23,2
DA:24,4
DA:26,1
LF:6
LH:6
end_of_record
SF:lib\data\model\movie_response.dart
DA:8,2
DA:10,4
DA:11,4
DA:12,6
DA:13,6
DA:16,2
DA:17,5
DA:20,1
DA:21,2
LF:9
LH:9
end_of_record
SF:lib\data\model\movie_model.dart
DA:5,5
DA:35,4
DA:36,2
DA:37,2
DA:38,8
DA:39,2
DA:40,2
DA:41,2
DA:42,4
DA:43,2
DA:44,2
DA:45,2
DA:46,2
DA:47,4
DA:48,2
DA:51,2
DA:52,1
DA:53,1
DA:54,4
DA:55,1
DA:56,1
DA:57,1
DA:58,1
DA:59,1
DA:60,1
DA:61,1
DA:62,1
DA:63,1
DA:64,1
DA:67,2
DA:68,2
DA:69,2
DA:70,2
DA:71,2
DA:72,2
DA:73,2
DA:74,2
DA:75,2
DA:76,2
DA:77,2
DA:78,2
DA:79,2
DA:80,2
DA:81,2
DA:85,2
DA:86,2
DA:87,2
DA:88,2
DA:89,2
DA:90,2
DA:91,2
DA:92,2
DA:93,2
DA:94,2
DA:95,2
DA:96,2
DA:97,2
DA:98,2
DA:99,2
LF:59
LH:59
end_of_record
SF:lib\data\repositories\movie_repository_impl.dart
DA:13,1
DA:15,1
DA:18,2
DA:19,5
DA:20,1
DA:21,2
DA:22,1
DA:23,2
LF:8
LH:8
end_of_record
SF:lib\domain\usecases\get_now_playing_movies.dart
DA:9,1
DA:11,1
DA:12,2
LF:3
LH:3
end_of_record
SF:lib\presentation\bloc\now_playing\now_playing_movies_state.dart
DA:4,1
DA:5,1
DA:15,2
DA:17,1
DA:18,2
DA:24,2
DA:26,1
DA:27,2
LF:8
LH:8
end_of_record
SF:lib\presentation\bloc\now_playing\now_playing_movies_event.dart
DA:4,2
DA:8,2
DA:10,1
DA:11,1
LF:4
LH:4
end_of_record
SF:lib\presentation\bloc\now_playing\now_playing_movies_bloc.dart
DA:14,3
DA:16,2
DA:17,2
DA:19,2
DA:21,2
DA:22,3
DA:23,1
DA:24,1
DA:25,2
DA:27,2
LF:10
LH:10
end_of_record
SF:lib\presentation\pages\now_playing_movies_page.dart
DA:11,1
DA:12,1
DA:16,1
DA:18,1
DA:19,2
DA:20,3
DA:24,1
DA:26,1
DA:27,1
DA:28,1
DA:30,1
DA:31,1
DA:32,0
DA:39,1
DA:40,2
DA:41,1
DA:42,1
DA:43,1
DA:45,1
DA:46,1
DA:47,2
DA:48,1
DA:49,2
DA:50,1
DA:54,1
DA:55,1
DA:57,2
LF:27
LH:26
end_of_record
SF:lib\presentation\widgets\movie_card_list.dart
DA:12,1
DA:14,1
DA:16,1
DA:18,1
DA:19,0
DA:26,1
DA:28,1
DA:29,1
DA:30,1
DA:36,1
DA:38,1
DA:39,1
DA:40,2
DA:43,1
DA:45,1
DA:46,1
DA:47,2
DA:55,1
DA:56,1
DA:57,1
DA:58,1
DA:60,1
DA:61,3
DA:62,1
DA:63,3
DA:64,1
DA:65,1
DA:68,0
LF:28
LH:26
end_of_record
