SF:lib\data\datasources\movie_local_data_source.dart
DA:15,1
DA:17,1
DA:20,2
DA:23,2
DA:27,1
DA:30,2
DA:33,2
DA:37,1
DA:39,2
DA:41,1
DA:47,1
DA:49,2
DA:50,4
LF:13
LH:13
end_of_record
SF:lib\data\model\movie_table.dart
DA:13,3
DA:20,2
DA:21,1
DA:22,1
DA:23,1
DA:24,1
DA:27,2
DA:28,1
DA:29,1
DA:30,1
DA:31,1
DA:34,2
DA:35,1
DA:36,1
DA:37,1
DA:38,1
DA:41,2
DA:42,1
DA:43,1
DA:44,1
DA:45,1
DA:48,2
DA:50,10
LF:23
LH:23
end_of_record
SF:lib\domain\entities\movie.dart
DA:4,24
DA:20,20
DA:49,8
DA:50,8
DA:51,8
DA:52,8
DA:53,8
DA:54,8
DA:55,8
DA:56,8
DA:57,8
DA:58,8
DA:59,8
DA:60,8
DA:61,8
DA:62,8
DA:63,8
LF:17
LH:17
end_of_record
SF:lib\domain\entities\movie_detail.dart
DA:5,7
DA:33,2
DA:34,2
DA:35,2
DA:36,2
DA:37,2
DA:38,2
DA:39,2
DA:40,2
DA:41,2
DA:42,2
DA:43,2
DA:44,2
DA:45,2
LF:14
LH:14
end_of_record
SF:lib\data\datasources\movie_remote_data_source.dart
DA:27,1
DA:29,1
DA:31,4
DA:33,2
DA:34,4
DA:36,1
DA:40,1
DA:42,4
DA:44,2
DA:45,3
DA:47,1
DA:51,1
DA:53,4
DA:55,2
DA:56,4
DA:58,1
DA:62,1
DA:64,4
DA:66,2
DA:67,4
DA:69,1
DA:73,1
DA:75,4
DA:77,2
DA:78,4
DA:80,1
DA:84,1
DA:86,4
DA:88,2
DA:89,4
DA:91,1
LF:31
LH:31
end_of_record
SF:lib\data\model\movie_detail_model.dart
DA:7,3
DA:53,2
DA:54,2
DA:55,2
DA:56,2
DA:57,2
DA:58,2
DA:59,8
DA:60,2
DA:61,2
DA:62,2
DA:63,2
DA:64,2
DA:65,2
DA:66,4
DA:67,2
DA:68,2
DA:69,2
DA:70,2
DA:71,2
DA:72,2
DA:73,2
DA:74,2
DA:75,4
DA:76,2
DA:79,2
DA:80,1
DA:81,1
DA:82,1
DA:83,5
DA:84,1
DA:85,1
DA:86,1
DA:87,1
DA:88,1
DA:89,1
DA:90,1
DA:91,1
DA:92,1
DA:93,1
DA:94,1
DA:95,1
DA:96,1
DA:97,1
DA:98,1
DA:99,1
DA:100,1
DA:103,1
DA:104,1
DA:105,1
DA:106,1
DA:107,5
DA:108,1
DA:109,1
DA:110,1
DA:111,1
DA:112,1
DA:113,1
DA:114,1
DA:115,1
DA:116,1
DA:120,2
DA:122,2
DA:123,2
DA:124,2
DA:125,2
DA:126,2
DA:127,2
DA:128,2
DA:129,2
DA:130,2
DA:131,2
DA:132,2
DA:133,2
DA:134,2
DA:135,2
DA:136,2
DA:137,2
DA:138,2
DA:139,2
DA:140,2
DA:141,2
DA:142,2
DA:143,2
LF:84
LH:84
end_of_record
SF:lib\data\model\movie_model.dart
DA:6,5
DA:36,4
DA:37,2
DA:38,2
DA:39,8
DA:40,2
DA:41,2
DA:42,2
DA:43,4
DA:44,2
DA:45,2
DA:46,2
DA:47,2
DA:48,4
DA:49,2
DA:52,2
DA:53,1
DA:54,1
DA:55,4
DA:56,1
DA:57,1
DA:58,1
DA:59,1
DA:60,1
DA:61,1
DA:62,1
DA:63,1
DA:64,1
DA:65,1
DA:68,2
DA:69,2
DA:70,2
DA:71,2
DA:72,2
DA:73,2
DA:74,2
DA:75,2
DA:76,2
DA:77,2
DA:78,2
DA:79,2
DA:80,2
DA:81,2
DA:82,2
DA:86,2
DA:87,2
DA:88,2
DA:89,2
DA:90,2
DA:91,2
DA:92,2
DA:93,2
DA:94,2
DA:95,2
DA:96,2
DA:97,2
DA:98,2
DA:99,2
DA:100,2
LF:59
LH:59
end_of_record
SF:lib\data\model\movie_response.dart
DA:8,2
DA:10,4
DA:11,4
DA:12,6
DA:13,6
DA:16,2
DA:17,5
DA:20,1
DA:21,2
LF:9
LH:9
end_of_record
SF:lib\domain\usecases\save_movie_watchlist.dart
DA:10,1
DA:12,1
DA:13,2
LF:3
LH:3
end_of_record
SF:lib\domain\usecases\get_movie_detail.dart
DA:9,1
DA:11,1
DA:12,2
LF:3
LH:3
end_of_record
SF:lib\data\repositories\movie_repository_impl.dart
DA:17,1
DA:22,1
DA:25,2
DA:26,5
DA:27,1
DA:28,2
DA:29,1
DA:30,2
DA:34,1
DA:37,2
DA:38,2
DA:39,1
DA:40,2
DA:41,1
DA:42,2
DA:46,1
DA:49,2
DA:50,3
DA:51,1
DA:52,2
DA:53,1
DA:54,2
DA:58,1
DA:61,2
DA:62,5
DA:63,1
DA:64,2
DA:65,1
DA:66,2
DA:70,1
DA:73,2
DA:74,5
DA:75,1
DA:76,2
DA:77,1
DA:78,2
DA:82,1
DA:85,2
DA:86,5
DA:87,1
DA:88,2
DA:89,1
DA:90,2
DA:95,1
DA:97,2
DA:98,5
DA:101,1
DA:103,2
DA:107,1
DA:110,3
DA:111,1
DA:112,1
DA:113,3
DA:119,1
DA:122,3
DA:123,1
DA:124,1
DA:125,3
LF:58
LH:58
end_of_record
SF:lib\domain\usecases\get_movie_recommendations.dart
DA:9,1
DA:11,1
DA:12,2
LF:3
LH:3
end_of_record
SF:lib\domain\usecases\get_now_playing_movies.dart
DA:9,1
DA:11,1
DA:12,2
LF:3
LH:3
end_of_record
SF:lib\domain\usecases\get_popular_movies.dart
DA:9,1
DA:11,1
DA:12,2
LF:3
LH:3
end_of_record
SF:lib\domain\usecases\get_top_rated_movies.dart
DA:9,1
DA:11,1
DA:12,2
LF:3
LH:3
end_of_record
SF:lib\domain\usecases\get_watchlist_movies.dart
DA:10,1
DA:12,1
DA:13,2
LF:3
LH:3
end_of_record
SF:lib\domain\usecases\get_watchlist_status.dart
DA:6,1
DA:8,1
DA:9,2
LF:3
LH:3
end_of_record
SF:lib\domain\usecases\remove_movie_watchlist.dart
DA:10,1
DA:12,1
DA:13,2
LF:3
LH:3
end_of_record
SF:lib\domain\usecases\search_movies.dart
DA:9,1
DA:11,1
DA:12,2
LF:3
LH:3
end_of_record
SF:lib\presentation\bloc\movie_detail\movie_detail_state.dart
DA:4,1
DA:5,1
DA:15,2
DA:17,1
DA:18,2
DA:24,2
DA:26,1
DA:27,2
LF:8
LH:8
end_of_record
SF:lib\presentation\bloc\movie_detail\movie_detail_event.dart
DA:4,2
DA:10,2
DA:12,1
DA:13,2
LF:4
LH:4
end_of_record
SF:lib\presentation\bloc\movie_detail\movie_detail_bloc.dart
DA:12,1
DA:14,2
DA:16,2
DA:17,2
DA:19,1
DA:20,2
DA:22,2
DA:23,3
DA:24,1
DA:25,2
LF:10
LH:10
end_of_record
SF:lib\presentation\bloc\popular_movies\popular_movies_state.dart
DA:4,1
DA:5,1
DA:15,2
DA:17,1
DA:18,2
DA:24,2
DA:26,1
DA:27,2
LF:8
LH:8
end_of_record
SF:lib\presentation\bloc\popular_movies\popular_movies_bloc.dart
DA:12,3
DA:13,2
DA:14,2
DA:16,2
DA:18,2
DA:19,3
DA:20,1
DA:21,1
DA:22,2
DA:24,2
LF:10
LH:10
end_of_record
SF:lib\presentation\bloc\popular_movies\popular_movies_event.dart
DA:4,4
DA:8,4
DA:10,1
DA:11,1
LF:4
LH:4
end_of_record
SF:lib\presentation\bloc\recommendations\movie_recommendations_bloc.dart
DA:13,1
DA:15,2
DA:17,2
DA:18,2
DA:20,3
DA:22,2
DA:23,3
DA:24,1
DA:25,2
LF:9
LH:9
end_of_record
SF:lib\presentation\bloc\recommendations\movie_recommendations_state.dart
DA:4,1
DA:5,1
DA:17,2
DA:19,1
DA:20,2
DA:26,2
DA:28,1
DA:29,2
LF:8
LH:8
end_of_record
SF:lib\presentation\bloc\recommendations\movie_recommendations_event.dart
DA:4,2
DA:10,2
DA:12,1
DA:13,2
LF:4
LH:4
end_of_record
SF:lib\presentation\bloc\now_playing\now_playing_movies_state.dart
DA:4,1
DA:5,1
DA:15,2
DA:17,1
DA:18,2
DA:24,2
DA:26,1
DA:27,2
LF:8
LH:8
end_of_record
SF:lib\presentation\bloc\now_playing\now_playing_movies_event.dart
DA:4,5
DA:8,5
DA:10,1
DA:11,1
LF:4
LH:4
end_of_record
SF:lib\presentation\bloc\now_playing\now_playing_movies_bloc.dart
DA:14,3
DA:16,2
DA:17,2
DA:19,2
DA:21,2
DA:22,3
DA:23,1
DA:24,1
DA:25,2
DA:27,2
LF:10
LH:10
end_of_record
SF:lib\presentation\bloc\search_movies\search_movies_state.dart
DA:4,1
DA:5,1
DA:15,2
DA:17,1
DA:18,2
DA:24,2
DA:26,1
DA:27,2
LF:8
LH:8
end_of_record
SF:lib\presentation\bloc\search_movies\search_movies_event.dart
DA:4,2
DA:11,2
DA:13,1
DA:14,2
LF:4
LH:4
end_of_record
SF:lib\presentation\bloc\search_movies\search_movies_bloc.dart
DA:13,3
DA:14,2
DA:15,2
DA:17,3
DA:19,2
DA:20,3
DA:21,1
DA:22,1
DA:23,2
DA:25,2
LF:10
LH:10
end_of_record
SF:lib\presentation\bloc\top_rated\top_rated_movies_bloc.dart
DA:12,3
DA:13,2
DA:14,2
DA:16,2
DA:18,2
DA:19,3
DA:20,1
DA:21,1
DA:22,2
DA:24,2
LF:10
LH:10
end_of_record
SF:lib\presentation\bloc\top_rated\top_rated_movies_event.dart
DA:4,2
DA:8,2
DA:10,1
DA:11,1
LF:4
LH:4
end_of_record
SF:lib\presentation\bloc\top_rated\top_rated_movies_state.dart
DA:4,1
DA:5,1
DA:15,2
DA:17,1
DA:18,2
DA:24,2
DA:26,1
DA:27,2
LF:8
LH:8
end_of_record
SF:lib\presentation\bloc\watchlist_movie\watchlist_movie_event.dart
DA:4,3
DA:8,1
DA:9,1
DA:15,2
DA:17,1
DA:18,2
DA:24,1
DA:26,1
DA:27,2
DA:33,1
DA:34,2
DA:36,2
LF:12
LH:12
end_of_record
SF:lib\presentation\bloc\watchlist_movie\watchlist_movie_state.dart
DA:4,1
DA:5,1
DA:15,1
DA:17,1
DA:18,2
DA:24,2
DA:26,1
DA:27,2
DA:33,2
DA:35,1
DA:36,2
LF:11
LH:11
end_of_record
SF:lib\presentation\bloc\watchlist_movie\watchlist_movie_bloc.dart
DA:21,1
DA:26,2
DA:28,2
DA:29,2
DA:31,2
DA:33,2
DA:34,3
DA:35,1
DA:36,1
DA:37,0
DA:39,2
DA:45,2
DA:46,1
DA:47,2
DA:48,2
DA:52,2
DA:53,1
DA:54,2
DA:55,2
DA:57,1
DA:58,0
DA:59,3
DA:64,2
DA:65,1
DA:66,2
DA:67,2
DA:69,1
DA:70,0
DA:71,3
LF:29
LH:26
end_of_record
SF:lib\presentation\pages\now_playing_movies_page.dart
DA:10,1
DA:12,1
DA:13,1
DA:17,1
DA:19,1
DA:20,2
DA:21,3
DA:25,1
DA:27,1
DA:28,1
DA:29,1
DA:32,1
DA:33,2
DA:34,1
DA:35,1
DA:36,1
DA:38,1
DA:39,1
DA:40,2
DA:41,1
DA:42,2
DA:43,1
DA:47,1
DA:48,1
DA:50,2
LF:25
LH:25
end_of_record
SF:lib\presentation\widgets\movie_card_list.dart
DA:13,4
DA:15,4
DA:17,4
DA:18,8
DA:19,4
DA:20,0
DA:21,0
DA:24,0
DA:27,4
DA:29,4
DA:30,4
DA:31,4
DA:37,4
DA:39,4
DA:40,4
DA:41,8
DA:44,4
DA:46,8
DA:47,4
DA:48,8
DA:56,4
DA:57,4
DA:58,4
DA:59,4
DA:61,4
DA:62,8
DA:63,4
DA:64,12
DA:65,4
DA:66,4
DA:69,0
LF:31
LH:27
end_of_record
SF:lib\presentation\pages\movie_detail_page.dart
DA:14,1
DA:16,1
DA:17,1
DA:21,1
DA:23,2
DA:24,6
DA:25,6
DA:26,6
DA:28,1
DA:31,1
DA:33,1
DA:35,1
DA:36,5
DA:39,1
DA:40,1
DA:42,0
DA:43,0
DA:44,0
DA:46,1
DA:47,1
DA:48,1
DA:52,1
DA:53,1
DA:55,1
DA:60,1
DA:61,1
DA:63,2
LF:27
LH:24
end_of_record
SF:lib\presentation\widgets\movie_detail_content.dart
DA:22,1
DA:26,1
DA:28,1
DA:32,2
DA:33,1
DA:34,1
DA:35,1
DA:44,1
DA:45,1
DA:46,1
DA:47,1
DA:48,3
DA:49,1
DA:50,1
DA:53,0
DA:55,1
DA:56,2
DA:57,1
DA:61,1
DA:62,1
DA:63,1
DA:64,1
DA:65,1
DA:66,1
DA:68,1
DA:69,2
DA:72,1
DA:73,1
DA:74,1
DA:75,2
DA:76,1
DA:78,1
DA:80,1
DA:81,1
DA:82,2
DA:83,1
DA:85,1
DA:86,3
DA:88,1
DA:89,3
DA:91,1
DA:93,1
DA:94,1
DA:96,1
DA:97,1
DA:99,1
DA:102,2
DA:103,1
DA:104,1
DA:105,1
DA:106,3
DA:108,1
DA:114,4
DA:117,2
DA:118,1
DA:120,1
DA:122,1
DA:123,2
DA:125,2
DA:126,1
DA:128,1
DA:130,1
DA:135,1
DA:137,1
DA:140,1
DA:141,1
DA:152,1
DA:153,1
DA:154,2
DA:155,1
DA:158,1
DA:159,2
DA:170,1
DA:171,1
DA:172,0
DA:174,4
DA:177,1
DA:179,1
DA:183,1
DA:186,1
DA:187,1
DA:188,1
DA:190,0
DA:192,0
DA:193,0
DA:194,0
DA:200,1
DA:203,2
DA:204,3
DA:207,1
DA:209,3
DA:212,1
DA:213,1
DA:214,1
DA:216,2
DA:218,0
DA:221,1
DA:222,1
DA:224,1
DA:225,1
DA:229,1
DA:230,2
DA:233,1
DA:234,1
DA:235,1
DA:237,1
DA:238,2
DA:240,1
DA:242,1
DA:243,0
DA:244,0
DA:247,0
DA:250,1
DA:251,1
DA:252,1
DA:254,1
DA:255,2
DA:256,1
DA:259,0
DA:265,2
DA:268,0
LF:121
LH:109
end_of_record
SF:lib\presentation\pages\popular_movies_page.dart
DA:11,1
DA:13,1
DA:14,1
DA:18,1
DA:20,1
DA:21,2
DA:22,3
DA:26,1
DA:28,1
DA:29,1
DA:30,1
DA:33,1
DA:34,2
DA:35,1
DA:36,1
DA:37,1
DA:39,1
DA:40,1
DA:41,2
DA:42,1
DA:43,2
DA:44,1
DA:48,1
DA:49,1
DA:51,2
LF:25
LH:25
end_of_record
SF:lib\presentation\pages\search_movie_page.dart
DA:12,1
DA:14,1
DA:15,1
DA:21,1
DA:23,1
DA:24,1
DA:25,1
DA:28,1
DA:29,2
DA:30,1
DA:32,1
DA:33,1
DA:34,1
DA:35,3
DA:37,1
DA:38,3
DA:40,1
DA:43,2
DA:47,1
DA:49,1
DA:51,1
DA:52,1
DA:53,1
DA:54,1
DA:56,1
DA:57,1
DA:58,2
DA:59,1
DA:60,2
DA:61,1
DA:64,1
DA:65,1
DA:67,2
LF:33
LH:33
end_of_record
SF:lib\presentation\pages\top_rated_movies_page.dart
DA:10,1
DA:12,1
DA:13,1
DA:18,1
DA:20,1
DA:21,2
DA:22,3
DA:26,1
DA:28,1
DA:29,1
DA:30,1
DA:33,1
DA:34,2
DA:35,1
DA:36,1
DA:37,1
DA:39,1
DA:40,1
DA:41,2
DA:42,1
DA:43,2
DA:44,1
DA:48,1
DA:49,1
DA:51,2
LF:25
LH:25
end_of_record
