SF:lib\data\datasources\tv_remote_data_source.dart
DA:17,1
DA:19,1
DA:21,4
DA:22,2
DA:23,2
DA:25,2
DA:27,1
LF:7
LH:7
end_of_record
SF:lib\data\model\tv_series_response.dart
DA:7,3
DA:9,2
DA:10,2
DA:11,4
DA:12,6
DA:13,4
DA:14,6
DA:17,2
DA:18,5
DA:21,1
DA:22,2
LF:11
LH:11
end_of_record
SF:lib\data\model\tv_series_model.dart
DA:5,7
DA:35,4
DA:36,2
DA:37,4
DA:38,2
DA:39,2
DA:40,4
DA:41,2
DA:42,2
DA:43,8
DA:44,8
DA:45,2
DA:46,2
DA:47,2
DA:48,2
DA:51,2
DA:52,1
DA:53,1
DA:54,1
DA:55,1
DA:56,1
DA:57,1
DA:58,1
DA:59,4
DA:60,4
DA:61,1
DA:62,1
DA:63,1
DA:64,1
DA:67,2
DA:68,2
DA:69,2
DA:70,2
DA:71,2
DA:72,2
DA:73,2
DA:74,2
DA:75,2
DA:76,2
DA:77,2
DA:78,2
DA:79,2
DA:80,2
DA:81,2
DA:85,2
DA:86,2
DA:87,2
DA:88,2
DA:89,2
DA:90,2
DA:91,2
DA:92,2
DA:93,2
DA:94,2
DA:95,2
DA:96,2
DA:97,2
DA:98,2
DA:99,2
LF:59
LH:59
end_of_record
SF:lib\domain\entities\tv_series.dart
DA:4,6
DA:20,0
DA:50,3
DA:51,3
DA:52,3
DA:53,3
DA:54,3
DA:55,3
DA:56,3
DA:57,3
DA:58,3
DA:59,3
DA:60,3
DA:61,3
DA:62,3
DA:63,3
DA:64,3
LF:17
LH:16
end_of_record
SF:lib\data\repositories\tv_repository_impl.dart
DA:13,1
DA:17,1
DA:20,2
DA:21,5
DA:22,1
DA:23,2
DA:24,0
DA:25,0
LF:8
LH:6
end_of_record
SF:lib\domain\usecases\get_on_the_air.dart
DA:9,1
DA:11,1
DA:12,2
LF:3
LH:3
end_of_record
SF:lib\presentation\bloc\on_the_air\on_the_air_event.dart
DA:4,2
DA:8,1
DA:9,1
LF:3
LH:3
end_of_record
SF:lib\presentation\bloc\on_the_air\on_the_air_bloc.dart
DA:12,3
DA:13,2
DA:14,2
DA:16,2
DA:18,1
DA:19,4
DA:20,4
LF:7
LH:7
end_of_record
SF:lib\presentation\bloc\on_the_air\on_the_air_state.dart
DA:4,1
DA:5,1
DA:15,2
DA:17,1
DA:18,2
DA:24,2
DA:26,1
DA:27,2
LF:8
LH:8
end_of_record
SF:lib\tv.dart
DA:6,2
LF:1
LH:1
end_of_record
SF:lib\presentation\pages\on_the_air_page.dart
DA:10,1
DA:12,1
DA:13,1
DA:17,1
DA:19,2
DA:20,4
DA:22,1
DA:25,1
DA:27,1
DA:28,1
DA:29,1
DA:32,1
DA:33,2
DA:34,1
DA:35,1
DA:36,1
DA:38,1
DA:39,1
DA:40,2
DA:41,1
DA:42,2
DA:43,1
DA:46,1
DA:47,1
DA:49,2
LF:25
LH:25
end_of_record
SF:lib\presentation\widgets\tv_series_card.dart
DA:12,1
DA:14,1
DA:16,1
DA:17,2
DA:18,1
DA:19,0
DA:26,1
DA:28,1
DA:29,1
DA:30,1
DA:36,1
DA:38,1
DA:39,1
DA:40,2
DA:43,1
DA:45,2
DA:46,1
DA:47,2
DA:55,1
DA:56,1
DA:57,1
DA:58,1
DA:60,1
DA:61,2
DA:62,1
DA:63,3
DA:64,1
DA:65,1
DA:68,0
LF:29
LH:27
end_of_record
