SF:lib\data\datasources\tv_local_data_source.dart
DA:16,1
DA:18,1
DA:20,2
DA:22,1
DA:28,1
DA:30,2
DA:31,4
DA:34,1
DA:37,2
DA:40,2
DA:44,1
DA:47,2
DA:50,2
LF:13
LH:13
end_of_record
SF:lib\data\model\episode_model.dart
DA:16,20
DA:29,1
DA:30,1
DA:31,1
DA:32,1
DA:33,1
DA:34,1
DA:35,1
DA:36,1
DA:37,1
DA:38,1
DA:39,1
DA:40,1
DA:43,2
DA:44,1
DA:45,1
DA:46,1
DA:47,1
DA:48,1
DA:49,1
DA:50,1
DA:51,1
DA:52,1
DA:53,1
DA:56,2
DA:57,1
DA:58,1
DA:59,1
DA:60,1
DA:61,1
DA:62,1
DA:63,1
DA:64,1
DA:65,1
DA:66,1
DA:69,2
DA:70,2
DA:71,2
DA:72,2
DA:73,2
DA:74,2
DA:75,2
DA:76,2
DA:77,2
DA:78,2
DA:79,2
DA:80,2
LF:47
LH:47
end_of_record
SF:lib\data\model\season_detail_model.dart
DA:14,20
DA:24,1
DA:25,1
DA:26,1
DA:27,1
DA:28,1
DA:29,1
DA:30,1
DA:31,1
DA:32,1
DA:35,2
DA:36,2
DA:37,2
DA:38,2
DA:39,10
DA:40,2
DA:41,2
DA:42,2
DA:43,2
DA:47,2
DA:48,1
DA:49,1
DA:50,5
DA:51,1
DA:52,1
DA:53,1
DA:54,1
DA:57,2
DA:58,1
DA:59,1
DA:60,1
DA:61,4
DA:63,1
DA:64,1
DA:65,1
DA:66,1
LF:36
LH:36
end_of_record
SF:lib\data\model\season_model.dart
DA:5,21
DA:23,2
DA:24,1
DA:25,1
DA:26,1
DA:27,1
DA:28,1
DA:29,1
DA:30,1
DA:33,4
DA:34,2
DA:35,2
DA:36,2
DA:37,2
DA:38,2
DA:39,2
DA:40,2
DA:43,3
DA:44,3
DA:45,3
DA:46,3
DA:47,3
DA:48,3
DA:49,3
DA:50,3
DA:51,3
DA:55,1
DA:56,1
DA:57,1
DA:58,1
DA:59,1
DA:60,1
DA:61,1
DA:62,1
DA:63,1
LF:35
LH:35
end_of_record
SF:lib\data\model\tv_series_detail_model.dart
DA:7,3
DA:57,2
DA:58,1
DA:59,1
DA:60,5
DA:61,1
DA:62,1
DA:63,1
DA:64,4
DA:65,1
DA:66,1
DA:67,1
DA:68,1
DA:69,4
DA:70,1
DA:71,1
DA:72,1
DA:73,2
DA:74,1
DA:75,5
DA:76,1
DA:77,1
DA:78,1
DA:79,2
DA:80,1
DA:83,2
DA:84,1
DA:85,1
DA:86,5
DA:87,1
DA:88,1
DA:89,1
DA:90,4
DA:91,1
DA:92,1
DA:93,1
DA:94,1
DA:95,4
DA:96,1
DA:97,1
DA:98,1
DA:99,1
DA:100,1
DA:101,5
DA:102,1
DA:103,1
DA:104,1
DA:105,1
DA:106,1
DA:109,2
DA:110,2
DA:111,2
DA:112,2
DA:113,10
DA:114,2
DA:115,2
DA:116,2
DA:117,2
DA:118,2
DA:119,2
DA:120,2
DA:121,10
DA:122,2
DA:123,2
DA:124,2
DA:125,2
DA:126,2
DA:129,1
DA:130,1
DA:131,1
DA:132,1
DA:133,1
DA:134,1
DA:135,1
DA:136,1
DA:137,1
DA:138,1
DA:139,1
DA:140,1
DA:141,1
DA:142,1
DA:143,1
DA:144,1
DA:145,1
DA:146,1
DA:147,1
DA:148,1
DA:149,1
DA:150,1
DA:151,1
DA:152,1
DA:153,1
LF:92
LH:92
end_of_record
SF:lib\data\model\tv_series_model.dart
DA:5,22
DA:35,4
DA:36,2
DA:37,4
DA:38,2
DA:39,2
DA:40,4
DA:41,2
DA:42,2
DA:43,8
DA:44,8
DA:45,2
DA:46,2
DA:47,2
DA:48,2
DA:51,2
DA:52,1
DA:53,1
DA:54,1
DA:55,1
DA:56,1
DA:57,1
DA:58,1
DA:59,4
DA:60,4
DA:61,1
DA:62,1
DA:63,1
DA:64,1
DA:67,2
DA:68,2
DA:69,2
DA:70,2
DA:71,2
DA:72,2
DA:73,2
DA:74,2
DA:75,2
DA:76,2
DA:77,2
DA:78,2
DA:79,2
DA:80,2
DA:81,2
DA:85,2
DA:86,2
DA:87,2
DA:88,2
DA:89,2
DA:90,2
DA:91,2
DA:92,2
DA:93,2
DA:94,2
DA:95,2
DA:96,2
DA:97,2
DA:98,2
DA:99,2
LF:59
LH:59
end_of_record
SF:lib\data\model\tv_series_table.dart
DA:12,21
DA:19,2
DA:20,1
DA:21,1
DA:22,1
DA:23,1
DA:26,2
DA:27,1
DA:28,1
DA:29,1
DA:30,1
DA:33,2
DA:34,1
DA:35,1
DA:36,1
DA:37,1
DA:40,4
DA:41,2
DA:42,2
DA:43,2
DA:44,2
DA:47,2
DA:48,2
DA:49,2
DA:50,2
DA:51,2
DA:52,2
LF:27
LH:27
end_of_record
SF:lib\domain\entities\episode.dart
DA:15,21
DA:28,3
DA:30,3
DA:31,3
DA:32,3
DA:33,3
DA:34,3
DA:35,3
DA:36,3
DA:37,3
DA:38,3
DA:39,3
DA:40,3
LF:13
LH:13
end_of_record
SF:lib\domain\entities\season.dart
DA:4,23
DA:22,4
DA:23,4
DA:24,4
DA:25,4
DA:26,4
DA:27,4
DA:28,4
DA:29,4
DA:30,4
LF:10
LH:10
end_of_record
SF:lib\domain\entities\season_detail.dart
DA:13,21
DA:23,3
DA:25,3
DA:26,3
DA:27,3
DA:28,3
DA:29,3
DA:30,3
DA:31,3
DA:32,3
LF:10
LH:10
end_of_record
SF:lib\domain\entities\tv_series.dart
DA:4,21
DA:20,21
DA:50,8
DA:51,8
DA:52,8
DA:53,8
DA:54,8
DA:55,8
DA:56,8
DA:57,8
DA:58,8
DA:59,8
DA:60,8
DA:61,8
DA:62,8
DA:63,8
DA:64,8
LF:17
LH:17
end_of_record
SF:lib\domain\entities\tv_series_detail.dart
DA:6,21
DA:42,3
DA:43,3
DA:44,3
DA:45,3
DA:46,3
DA:47,3
DA:48,3
DA:49,3
DA:50,3
DA:51,3
DA:52,3
DA:53,3
DA:54,3
DA:55,3
DA:56,3
DA:57,3
DA:58,3
DA:59,3
LF:19
LH:19
end_of_record
SF:lib\data\datasources\tv_remote_data_source.dart
DA:24,1
DA:26,1
DA:28,4
DA:29,2
DA:30,2
DA:32,2
DA:34,1
DA:38,1
DA:40,4
DA:41,2
DA:42,2
DA:43,2
DA:45,1
DA:49,1
DA:51,4
DA:53,2
DA:54,2
DA:56,2
DA:58,1
DA:62,1
DA:64,4
DA:65,2
DA:66,2
DA:68,2
DA:70,1
DA:74,1
DA:76,4
DA:77,2
DA:78,2
DA:80,2
DA:82,1
DA:86,1
DA:88,4
DA:89,2
DA:90,2
DA:92,1
DA:94,1
DA:98,1
DA:100,4
DA:102,2
DA:103,3
DA:105,1
LF:42
LH:42
end_of_record
SF:lib\data\model\tv_series_response.dart
DA:7,3
DA:9,2
DA:10,2
DA:11,4
DA:12,6
DA:13,4
DA:14,6
DA:17,2
DA:18,5
DA:21,1
DA:22,2
LF:11
LH:11
end_of_record
SF:lib\data\repositories\tv_repository_impl.dart
DA:18,1
DA:23,1
DA:26,2
DA:27,5
DA:28,1
DA:29,2
DA:30,1
DA:31,2
DA:35,1
DA:38,2
DA:39,5
DA:40,1
DA:41,2
DA:42,1
DA:43,2
DA:47,1
DA:50,2
DA:51,5
DA:52,1
DA:53,2
DA:54,1
DA:55,2
DA:59,1
DA:62,2
DA:63,5
DA:64,1
DA:65,2
DA:66,1
DA:67,2
DA:71,1
DA:74,2
DA:75,5
DA:76,1
DA:77,2
DA:78,1
DA:79,2
DA:83,1
DA:86,2
DA:87,2
DA:88,1
DA:89,2
DA:90,1
DA:91,2
DA:95,1
DA:98,2
DA:99,2
DA:100,1
DA:101,2
DA:102,1
DA:103,2
DA:108,1
DA:110,2
DA:111,5
DA:114,1
DA:116,2
DA:120,1
DA:124,3
DA:125,1
DA:126,1
DA:127,3
DA:133,1
DA:137,3
DA:138,1
DA:139,1
DA:140,3
LF:65
LH:65
end_of_record
SF:lib\domain\usecases\get_detail_tv_series.dart
DA:9,1
DA:11,1
DA:12,2
LF:3
LH:3
end_of_record
SF:lib\domain\usecases\get_on_the_air.dart
DA:9,1
DA:11,1
DA:12,2
LF:3
LH:3
end_of_record
SF:lib\domain\usecases\get_popular.dart
DA:9,1
DA:11,1
DA:12,2
LF:3
LH:3
end_of_record
SF:lib\domain\usecases\get_tv_recommendations.dart
DA:9,1
DA:11,1
DA:12,2
LF:3
LH:3
end_of_record
SF:lib\domain\usecases\get_season_detail.dart
DA:9,1
DA:11,1
DA:12,2
LF:3
LH:3
end_of_record
SF:lib\domain\usecases\get_top_rated.dart
DA:9,1
DA:11,1
DA:12,2
LF:3
LH:3
end_of_record
SF:lib\domain\usecases\get_watchlist_tv_status.dart
DA:6,1
DA:8,1
DA:9,2
LF:3
LH:3
end_of_record
SF:lib\presentation\bloc\on_the_air\on_the_air_event.dart
DA:4,2
DA:8,1
DA:9,1
LF:3
LH:3
end_of_record
SF:lib\presentation\bloc\on_the_air\on_the_air_bloc.dart
DA:12,3
DA:13,2
DA:14,2
DA:16,2
DA:18,1
DA:19,4
DA:20,4
LF:7
LH:7
end_of_record
SF:lib\presentation\bloc\on_the_air\on_the_air_state.dart
DA:4,1
DA:5,1
DA:15,2
DA:17,1
DA:18,2
DA:24,2
DA:26,1
DA:27,2
LF:8
LH:8
end_of_record
SF:lib\presentation\bloc\recommendation_tv\recommendation_tv_event.dart
DA:4,2
DA:11,2
DA:13,1
DA:14,2
LF:4
LH:4
end_of_record
SF:lib\presentation\bloc\recommendation_tv\recommendation_tv_state.dart
DA:4,1
DA:5,1
DA:15,2
DA:17,1
DA:18,2
DA:24,2
DA:26,1
DA:27,2
LF:8
LH:8
end_of_record
SF:lib\presentation\bloc\recommendation_tv\recommendation_tv_bloc.dart
DA:12,3
DA:13,2
DA:14,2
DA:16,3
DA:18,1
DA:19,4
DA:20,4
LF:7
LH:7
end_of_record
SF:lib\presentation\bloc\detail_season\season_detail_event.dart
DA:4,1
DA:11,1
DA:16,1
DA:17,3
LF:4
LH:4
end_of_record
SF:lib\presentation\bloc\detail_season\season_detail_bloc.dart
DA:12,3
DA:13,2
DA:14,2
DA:16,2
DA:17,1
DA:18,1
DA:21,8
LF:7
LH:7
end_of_record
SF:lib\presentation\bloc\detail_season\season_detail_state.dart
DA:4,1
DA:5,1
DA:15,1
DA:17,1
DA:18,2
DA:24,1
DA:26,1
DA:27,2
LF:8
LH:8
end_of_record
SF:lib\presentation\bloc\detail_tv_series\detail_tv_series_state.dart
DA:4,1
DA:5,1
DA:15,2
DA:17,1
DA:18,2
DA:24,2
DA:26,1
DA:27,2
LF:8
LH:8
end_of_record
SF:lib\presentation\bloc\detail_tv_series\detail_tv_series_bloc.dart
DA:13,3
DA:14,2
DA:15,2
DA:17,3
DA:19,1
DA:20,4
DA:21,3
LF:7
LH:7
end_of_record
SF:lib\presentation\bloc\detail_tv_series\detail_tv_series_event.dart
DA:4,2
DA:10,2
DA:12,1
DA:13,2
LF:4
LH:4
end_of_record
SF:lib\domain\usecases\get_watchlist_tv.dart
DA:9,1
DA:11,1
DA:12,2
LF:3
LH:3
end_of_record
SF:lib\domain\usecases\remove_tv_watchlist.dart
DA:9,1
DA:11,1
DA:12,2
LF:3
LH:3
end_of_record
SF:lib\domain\usecases\save_tv_watchlist.dart
DA:9,1
DA:11,1
DA:12,2
LF:3
LH:3
end_of_record
SF:lib\presentation\bloc\watchlist_tv_series\watchlist_tv_series_state.dart
DA:4,1
DA:5,1
DA:15,2
DA:17,1
DA:18,2
DA:24,2
DA:26,1
DA:27,2
DA:33,1
DA:35,1
DA:36,2
LF:11
LH:11
end_of_record
SF:lib\presentation\bloc\watchlist_tv_series\watchlist_tv_series_event.dart
DA:4,3
DA:8,1
DA:9,1
DA:15,1
DA:17,1
DA:18,2
DA:24,1
DA:26,1
DA:27,2
DA:33,2
DA:35,1
DA:36,2
LF:12
LH:12
end_of_record
SF:lib\presentation\bloc\watchlist_tv_series\watchlist_tv_series_bloc.dart
DA:19,1
DA:24,2
DA:26,2
DA:27,2
DA:29,2
DA:31,2
DA:32,3
DA:33,1
DA:34,3
DA:39,2
DA:40,1
DA:41,2
DA:42,2
DA:46,2
DA:47,1
DA:48,2
DA:49,2
DA:51,1
DA:52,0
DA:53,3
DA:58,2
DA:59,1
DA:60,2
DA:61,2
DA:63,1
DA:64,0
DA:65,3
LF:27
LH:25
end_of_record
SF:lib\presentation\pages\detail_tv_page.dart
DA:13,1
DA:15,1
DA:16,1
DA:20,1
DA:22,1
DA:23,2
DA:24,6
DA:25,6
DA:26,6
DA:30,1
DA:32,1
DA:34,1
DA:35,3
DA:38,1
DA:39,1
DA:40,0
DA:41,0
DA:42,0
DA:44,1
DA:45,1
DA:46,1
DA:50,1
DA:51,2
DA:52,1
DA:53,1
DA:55,2
LF:26
LH:23
end_of_record
SF:lib\presentation\widgets\tv_detail_content.dart
DA:25,1
DA:27,1
DA:29,1
DA:33,2
DA:34,1
DA:35,1
DA:36,0
DA:46,1
DA:47,1
DA:48,1
DA:49,3
DA:50,1
DA:51,1
DA:54,0
DA:56,1
DA:57,2
DA:58,1
DA:62,1
DA:63,1
DA:64,1
DA:65,2
DA:68,1
DA:69,1
DA:70,1
DA:71,1
DA:73,1
DA:74,1
DA:75,1
DA:76,2
DA:77,1
DA:79,1
DA:81,1
DA:82,1
DA:83,2
DA:84,1
DA:86,1
DA:87,3
DA:89,1
DA:91,0
DA:92,0
DA:94,1
DA:95,1
DA:97,1
DA:100,2
DA:101,1
DA:102,1
DA:103,1
DA:104,3
DA:106,1
DA:112,4
DA:115,2
DA:116,1
DA:118,1
DA:120,1
DA:121,2
DA:123,2
DA:124,1
DA:126,1
DA:128,1
DA:129,2
DA:130,2
DA:132,2
DA:133,1
DA:135,1
DA:137,1
DA:142,1
DA:144,1
DA:147,1
DA:148,1
DA:159,1
DA:160,1
DA:161,2
DA:162,1
DA:165,1
DA:166,0
DA:177,1
DA:178,1
DA:180,1
DA:181,1
DA:185,1
DA:186,1
DA:187,1
DA:188,1
DA:190,1
DA:191,2
DA:193,1
DA:195,1
DA:196,0
DA:197,0
DA:200,0
DA:203,1
DA:204,1
DA:205,1
DA:207,1
DA:208,2
DA:209,1
DA:212,0
DA:218,2
DA:221,0
DA:222,0
DA:223,0
DA:226,0
DA:227,0
DA:228,0
DA:229,0
DA:232,0
DA:233,0
DA:248,0
DA:249,0
DA:250,0
DA:252,0
DA:255,0
DA:256,0
DA:260,0
DA:263,0
DA:264,0
DA:265,0
DA:267,0
DA:269,0
DA:270,0
DA:271,0
DA:278,1
DA:281,2
DA:282,3
DA:285,1
DA:289,3
LF:126
LH:94
end_of_record
SF:lib\presentation\pages\on_the_air_page.dart
DA:10,1
DA:12,1
DA:13,1
DA:17,1
DA:19,2
DA:20,4
DA:22,1
DA:25,1
DA:27,1
DA:28,1
DA:29,1
DA:32,1
DA:33,2
DA:34,1
DA:35,1
DA:36,1
DA:38,1
DA:39,1
DA:40,2
DA:41,1
DA:42,2
DA:43,1
DA:46,1
DA:47,1
DA:49,2
LF:25
LH:25
end_of_record
SF:lib\presentation\widgets\tv_series_card.dart
DA:13,3
DA:15,3
DA:17,3
DA:18,6
DA:19,3
DA:20,0
DA:21,0
DA:24,0
DA:27,3
DA:29,3
DA:30,3
DA:31,3
DA:37,3
DA:39,3
DA:40,3
DA:41,6
DA:44,3
DA:46,6
DA:47,3
DA:48,6
DA:56,3
DA:57,3
DA:58,3
DA:59,3
DA:61,3
DA:62,6
DA:63,3
DA:64,9
DA:65,3
DA:66,3
DA:69,0
LF:31
LH:27
end_of_record
SF:lib\presentation\widgets\tv_season_episode_widget.dart
DA:10,1
DA:16,1
DA:18,1
DA:20,1
DA:22,1
DA:23,2
DA:24,1
DA:26,1
DA:35,1
DA:37,1
DA:38,1
DA:39,1
DA:41,1
DA:42,1
DA:43,1
DA:45,1
DA:46,1
DA:47,1
DA:48,1
DA:49,2
DA:52,1
DA:57,0
DA:58,0
DA:68,1
DA:70,1
DA:72,1
DA:73,1
DA:74,1
DA:87,2
LF:29
LH:27
end_of_record
SF:lib\domain\usecases\search_tv_series.dart
DA:9,1
DA:11,1
DA:12,2
LF:3
LH:3
end_of_record
SF:lib\presentation\bloc\popular_tv\popular_tv_state.dart
DA:4,1
DA:5,1
DA:15,2
DA:17,1
DA:18,2
DA:24,2
DA:26,1
DA:27,2
LF:8
LH:8
end_of_record
SF:lib\presentation\bloc\popular_tv\popular_tv_bloc.dart
DA:13,3
DA:14,2
DA:15,2
DA:17,2
DA:19,1
DA:20,4
DA:21,4
LF:7
LH:7
end_of_record
SF:lib\presentation\bloc\popular_tv\popular_tv_event.dart
DA:4,2
DA:8,1
DA:9,1
LF:3
LH:3
end_of_record
SF:lib\presentation\bloc\top_rated_tv\top_rated_tv_event.dart
DA:4,2
DA:8,1
DA:9,1
LF:3
LH:3
end_of_record
SF:lib\presentation\bloc\top_rated_tv\top_rated_tv_bloc.dart
DA:13,3
DA:14,2
DA:15,2
DA:17,2
DA:19,1
DA:20,4
DA:21,4
LF:7
LH:7
end_of_record
SF:lib\presentation\bloc\top_rated_tv\top_rated_tv_state.dart
DA:4,1
DA:5,1
DA:15,2
DA:17,1
DA:18,2
DA:24,2
DA:26,1
DA:27,2
LF:8
LH:8
end_of_record
SF:lib\tv.dart
DA:6,2
LF:1
LH:1
end_of_record
SF:lib\presentation\pages\popular_tv_page.dart
DA:10,1
DA:12,1
DA:13,1
DA:17,1
DA:19,2
DA:20,4
DA:22,1
DA:25,1
DA:27,1
DA:28,1
DA:29,1
DA:32,1
DA:33,2
DA:34,1
DA:35,1
DA:36,1
DA:38,1
DA:39,1
DA:40,2
DA:41,1
DA:42,2
DA:43,1
DA:46,1
DA:47,1
DA:49,2
LF:25
LH:25
end_of_record
SF:lib\presentation\pages\top_rated_tv_page.dart
DA:11,1
DA:13,1
DA:14,1
DA:18,1
DA:20,2
DA:21,4
DA:23,1
DA:26,1
DA:28,1
DA:29,1
DA:30,1
DA:33,1
DA:34,2
DA:35,1
DA:36,1
DA:37,1
DA:39,1
DA:40,1
DA:41,2
DA:42,1
DA:43,2
DA:44,1
DA:47,1
DA:48,1
DA:50,2
LF:25
LH:25
end_of_record
