SF:lib\common\constants.dart
DA:17,0
DA:18,0
DA:19,3
DA:24,0
DA:29,0
DA:36,0
DA:37,0
DA:38,0
DA:39,0
DA:40,0
LF:10
LH:1
end_of_record
SF:lib\common\exception.dart
DA:6,0
LF:1
LH:0
end_of_record
SF:lib\data\datasources\movie\movie_remote_data_source.dart
DA:15,1
DA:17,1
DA:20,4
DA:22,2
DA:23,4
DA:25,1
LF:6
LH:6
end_of_record
SF:lib\data\models\movie\movie_response.dart
DA:7,2
DA:9,4
DA:10,4
DA:11,6
DA:12,6
DA:15,2
DA:16,5
DA:19,1
DA:20,2
LF:9
LH:9
end_of_record
SF:lib\common\failure.dart
DA:6,2
DA:8,1
DA:9,2
DA:13,4
DA:17,2
DA:21,0
LF:6
LH:5
end_of_record
SF:lib\data\models\movie\movie_model.dart
DA:5,5
DA:35,4
DA:36,2
DA:37,2
DA:38,8
DA:39,2
DA:40,2
DA:41,2
DA:42,4
DA:43,2
DA:44,2
DA:45,2
DA:46,2
DA:47,4
DA:48,2
DA:51,2
DA:52,1
DA:53,1
DA:54,4
DA:55,1
DA:56,1
DA:57,1
DA:58,1
DA:59,1
DA:60,1
DA:61,1
DA:62,1
DA:63,1
DA:64,1
DA:67,2
DA:68,2
DA:69,2
DA:70,2
DA:71,2
DA:72,2
DA:73,2
DA:74,2
DA:75,2
DA:76,2
DA:77,2
DA:78,2
DA:79,2
DA:80,2
DA:81,2
DA:85,2
DA:86,2
DA:87,2
DA:88,2
DA:89,2
DA:90,2
DA:91,2
DA:92,2
DA:93,2
DA:94,2
DA:95,2
DA:96,2
DA:97,2
DA:98,2
DA:99,2
LF:59
LH:59
end_of_record
SF:lib\domain\entities\movie\movie.dart
DA:4,6
DA:20,0
DA:49,3
DA:50,3
DA:51,3
DA:52,3
DA:53,3
DA:54,3
DA:55,3
DA:56,3
DA:57,3
DA:58,3
DA:59,3
DA:60,3
DA:61,3
DA:62,3
DA:63,3
LF:17
LH:16
end_of_record
SF:lib\data\repositories\movie_repository_impl.dart
DA:13,1
DA:15,1
DA:18,2
DA:19,5
DA:20,1
DA:21,2
DA:22,1
DA:23,2
LF:8
LH:8
end_of_record
SF:lib\domain\usecases\get_now_playing_movies.dart
DA:9,1
DA:11,1
DA:12,2
LF:3
LH:3
end_of_record
SF:lib\presentation\bloc\movie\now_playing\now_playing_movies_state.dart
DA:4,1
DA:5,1
DA:15,2
DA:17,1
DA:18,2
DA:24,2
DA:26,1
DA:27,2
LF:8
LH:8
end_of_record
SF:lib\presentation\bloc\movie\now_playing\now_playing_movies_event.dart
DA:4,2
DA:8,2
DA:10,1
DA:11,1
LF:4
LH:4
end_of_record
SF:lib\presentation\bloc\movie\now_playing\now_playing_movies_bloc.dart
DA:13,3
DA:15,2
DA:16,2
DA:18,2
DA:20,2
DA:21,3
DA:22,1
DA:23,1
DA:24,2
DA:26,2
LF:10
LH:10
end_of_record
SF:lib\presentation\pages\movie\now_playing_movies_page.dart
DA:10,1
DA:11,1
DA:15,1
DA:17,1
DA:18,2
DA:19,3
DA:23,1
DA:25,1
DA:26,1
DA:27,1
DA:29,1
DA:30,1
DA:31,0
DA:38,1
DA:39,2
DA:40,1
DA:41,1
DA:42,1
DA:44,1
DA:45,1
DA:46,2
DA:47,1
DA:48,2
DA:49,1
DA:53,1
DA:54,1
DA:56,2
LF:27
LH:26
end_of_record
SF:lib\common\responsive.dart
DA:4,1
DA:6,0
DA:8,1
DA:9,1
DA:13,1
DA:14,5
DA:17,0
DA:18,0
DA:23,3
DA:25,0
LF:10
LH:6
end_of_record
SF:lib\presentation\widgets\movie_card_list.dart
DA:10,1
DA:12,1
DA:14,1
DA:16,1
DA:17,0
DA:24,1
DA:26,1
DA:27,1
DA:28,1
DA:34,1
DA:36,1
DA:37,1
DA:38,2
DA:41,1
DA:43,1
DA:44,1
DA:45,2
DA:53,1
DA:54,1
DA:55,1
DA:56,1
DA:58,1
DA:59,3
DA:60,1
DA:61,3
DA:62,1
DA:63,1
DA:66,0
LF:28
LH:26
end_of_record
